<?xml version="1.0" encoding="UTF-8"?>
<testsuite xmlns:xsi="http://www.w3.org/2001/XMLSchema-instance" xsi:noNamespaceSchemaLocation="https://maven.apache.org/surefire/maven-surefire-plugin/xsd/surefire-test-report.xsd" name="com.deezer.api.RunnerTest" time="63.971" tests="27" errors="1" skipped="0" failures="0">
  <properties>
    <property name="gopherProxySet" value="false"/>
    <property name="awt.toolkit" value="sun.lwawt.macosx.LWCToolkit"/>
    <property name="java.specification.version" value="11"/>
    <property name="sun.cpu.isalist" value=""/>
    <property name="sun.jnu.encoding" value="UTF-8"/>
    <property name="java.class.path" value="/Users/out-dzhafarov-ne/IdeaProjects/Public_api_test/target/test-classes:/Users/out-dzhafarov-ne/IdeaProjects/Public_api_test/target/classes:/Users/out-dzhafarov-ne/.m2/repository/io/cucumber/cucumber-java/6.11.0/cucumber-java-6.11.0.jar:/Users/out-dzhafarov-ne/.m2/repository/io/cucumber/cucumber-core/6.11.0/cucumber-core-6.11.0.jar:/Users/out-dzhafarov-ne/.m2/repository/io/cucumber/cucumber-gherkin/6.11.0/cucumber-gherkin-6.11.0.jar:/Users/out-dzhafarov-ne/.m2/repository/io/cucumber/cucumber-gherkin-messages/6.11.0/cucumber-gherkin-messages-6.11.0.jar:/Users/out-dzhafarov-ne/.m2/repository/io/cucumber/messages/15.0.0/messages-15.0.0.jar:/Users/out-dzhafarov-ne/.m2/repository/io/cucumber/tag-expressions/3.0.1/tag-expressions-3.0.1.jar:/Users/out-dzhafarov-ne/.m2/repository/io/cucumber/cucumber-expressions/10.3.0/cucumber-expressions-10.3.0.jar:/Users/out-dzhafarov-ne/.m2/repository/io/cucumber/datatable/3.5.0/datatable-3.5.0.jar:/Users/out-dzhafarov-ne/.m2/repository/io/cucumber/cucumber-plugin/6.11.0/cucumber-plugin-6.11.0.jar:/Users/out-dzhafarov-ne/.m2/repository/io/cucumber/docstring/6.11.0/docstring-6.11.0.jar:/Users/out-dzhafarov-ne/.m2/repository/io/cucumber/html-formatter/13.0.0/html-formatter-13.0.0.jar:/Users/out-dzhafarov-ne/.m2/repository/io/cucumber/create-meta/4.0.0/create-meta-4.0.0.jar:/Users/out-dzhafarov-ne/.m2/repository/org/apiguardian/apiguardian-api/1.1.2/apiguardian-api-1.1.2.jar:/Users/out-dzhafarov-ne/.m2/repository/io/cucumber/cucumber-junit/6.11.0/cucumber-junit-6.11.0.jar:/Users/out-dzhafarov-ne/.m2/repository/junit/junit/4.13.2/junit-4.13.2.jar:/Users/out-dzhafarov-ne/.m2/repository/org/hamcrest/hamcrest-core/1.3/hamcrest-core-1.3.jar:/Users/out-dzhafarov-ne/.m2/repository/io/rest-assured/rest-assured/4.3.3/rest-assured-4.3.3.jar:/Users/out-dzhafarov-ne/.m2/repository/org/codehaus/groovy/groovy/3.0.7/groovy-3.0.7.jar:/Users/out-dzhafarov-ne/.m2/repository/org/codehaus/groovy/groovy-xml/3.0.7/groovy-xml-3.0.7.jar:/Users/out-dzhafarov-ne/.m2/repository/org/apache/httpcomponents/httpclient/4.5.3/httpclient-4.5.3.jar:/Users/out-dzhafarov-ne/.m2/repository/org/apache/httpcomponents/httpcore/4.4.6/httpcore-4.4.6.jar:/Users/out-dzhafarov-ne/.m2/repository/commons-logging/commons-logging/1.2/commons-logging-1.2.jar:/Users/out-dzhafarov-ne/.m2/repository/commons-codec/commons-codec/1.9/commons-codec-1.9.jar:/Users/out-dzhafarov-ne/.m2/repository/org/apache/httpcomponents/httpmime/4.5.3/httpmime-4.5.3.jar:/Users/out-dzhafarov-ne/.m2/repository/org/hamcrest/hamcrest/2.1/hamcrest-2.1.jar:/Users/out-dzhafarov-ne/.m2/repository/org/ccil/cowan/tagsoup/tagsoup/1.2.1/tagsoup-1.2.1.jar:/Users/out-dzhafarov-ne/.m2/repository/io/rest-assured/json-path/4.3.3/json-path-4.3.3.jar:/Users/out-dzhafarov-ne/.m2/repository/org/codehaus/groovy/groovy-json/3.0.7/groovy-json-3.0.7.jar:/Users/out-dzhafarov-ne/.m2/repository/io/rest-assured/rest-assured-common/4.3.3/rest-assured-common-4.3.3.jar:/Users/out-dzhafarov-ne/.m2/repository/io/rest-assured/xml-path/4.3.3/xml-path-4.3.3.jar:/Users/out-dzhafarov-ne/.m2/repository/org/apache/commons/commons-lang3/3.11/commons-lang3-3.11.jar:/Users/out-dzhafarov-ne/.m2/repository/jakarta/xml/bind/jakarta.xml.bind-api/2.3.3/jakarta.xml.bind-api-2.3.3.jar:/Users/out-dzhafarov-ne/.m2/repository/jakarta/activation/jakarta.activation-api/1.2.2/jakarta.activation-api-1.2.2.jar:/Users/out-dzhafarov-ne/.m2/repository/com/sun/xml/bind/jaxb-impl/2.3.3/jaxb-impl-2.3.3.jar:/Users/out-dzhafarov-ne/.m2/repository/org/hamcrest/hamcrest-all/1.3/hamcrest-all-1.3.jar:/Users/out-dzhafarov-ne/.m2/repository/org/junit/jupiter/junit-jupiter-api/5.7.2/junit-jupiter-api-5.7.2.jar:/Users/out-dzhafarov-ne/.m2/repository/org/opentest4j/opentest4j/1.2.0/opentest4j-1.2.0.jar:/Users/out-dzhafarov-ne/.m2/repository/org/junit/platform/junit-platform-commons/1.7.2/junit-platform-commons-1.7.2.jar:/Users/out-dzhafarov-ne/.m2/repository/org/junit/vintage/junit-vintage-engine/5.7.2/junit-vintage-engine-5.7.2.jar:/Users/out-dzhafarov-ne/.m2/repository/org/junit/platform/junit-platform-engine/1.7.2/junit-platform-engine-1.7.2.jar:/Users/out-dzhafarov-ne/.m2/repository/io/qameta/allure/allure-junit5/2.14.0/allure-junit5-2.14.0.jar:/Users/out-dzhafarov-ne/.m2/repository/io/qameta/allure/allure-junit-platform/2.14.0/allure-junit-platform-2.14.0.jar:/Users/out-dzhafarov-ne/.m2/repository/io/qameta/allure/allure-java-commons/2.14.0/allure-java-commons-2.14.0.jar:/Users/out-dzhafarov-ne/.m2/repository/org/slf4j/slf4j-api/1.7.30/slf4j-api-1.7.30.jar:/Users/out-dzhafarov-ne/.m2/repository/io/qameta/allure/allure-model/2.14.0/allure-model-2.14.0.jar:/Users/out-dzhafarov-ne/.m2/repository/com/fasterxml/jackson/core/jackson-databind/2.12.3/jackson-databind-2.12.3.jar:/Users/out-dzhafarov-ne/.m2/repository/com/fasterxml/jackson/core/jackson-annotations/2.12.3/jackson-annotations-2.12.3.jar:/Users/out-dzhafarov-ne/.m2/repository/org/apache/tika/tika-core/1.26/tika-core-1.26.jar:/Users/out-dzhafarov-ne/.m2/repository/javax/xml/bind/jaxb-api/2.3.1/jaxb-api-2.3.1.jar:/Users/out-dzhafarov-ne/.m2/repository/javax/activation/javax.activation-api/1.2.0/javax.activation-api-1.2.0.jar:/Users/out-dzhafarov-ne/.m2/repository/javax/activation/activation/1.1.1/activation-1.1.1.jar:/Users/out-dzhafarov-ne/.m2/repository/org/jooq/joor-java-8/0.9.14/joor-java-8-0.9.14.jar:/Users/out-dzhafarov-ne/.m2/repository/io/qameta/allure/allure-test-filter/2.14.0/allure-test-filter-2.14.0.jar:/Users/out-dzhafarov-ne/.m2/repository/org/junit/platform/junit-platform-launcher/1.7.2/junit-platform-launcher-1.7.2.jar:/Users/out-dzhafarov-ne/.m2/repository/com/fasterxml/jackson/core/jackson-core/2.13.0-rc2/jackson-core-2.13.0-rc2.jar:"/>
    <property name="java.vm.vendor" value="AdoptOpenJDK"/>
    <property name="sun.arch.data.model" value="64"/>
    <property name="java.vendor.url" value="https://adoptopenjdk.net/"/>
    <property name="user.timezone" value="Europe/Moscow"/>
    <property name="java.vm.specification.version" value="11"/>
    <property name="os.name" value="Mac OS X"/>
    <property name="sun.java.launcher" value="SUN_STANDARD"/>
    <property name="user.country" value="RU"/>
    <property name="sun.boot.library.path" value="/Library/Java/JavaVirtualMachines/adoptopenjdk-11.jdk/Contents/Home/lib"/>
    <property name="sun.java.command" value="/Users/out-dzhafarov-ne/IdeaProjects/Public_api_test/target/surefire/surefirebooter7817438004560339022.jar /Users/out-dzhafarov-ne/IdeaProjects/Public_api_test/target/surefire 2021-09-22T14-11-59_793-jvmRun1 surefire5693358517261461369tmp surefire_013080614041550692811tmp"/>
    <property name="jdk.debug" value="release"/>
    <property name="surefire.test.class.path" value="/Users/out-dzhafarov-ne/IdeaProjects/Public_api_test/target/test-classes:/Users/out-dzhafarov-ne/IdeaProjects/Public_api_test/target/classes:/Users/out-dzhafarov-ne/.m2/repository/io/cucumber/cucumber-java/6.11.0/cucumber-java-6.11.0.jar:/Users/out-dzhafarov-ne/.m2/repository/io/cucumber/cucumber-core/6.11.0/cucumber-core-6.11.0.jar:/Users/out-dzhafarov-ne/.m2/repository/io/cucumber/cucumber-gherkin/6.11.0/cucumber-gherkin-6.11.0.jar:/Users/out-dzhafarov-ne/.m2/repository/io/cucumber/cucumber-gherkin-messages/6.11.0/cucumber-gherkin-messages-6.11.0.jar:/Users/out-dzhafarov-ne/.m2/repository/io/cucumber/messages/15.0.0/messages-15.0.0.jar:/Users/out-dzhafarov-ne/.m2/repository/io/cucumber/tag-expressions/3.0.1/tag-expressions-3.0.1.jar:/Users/out-dzhafarov-ne/.m2/repository/io/cucumber/cucumber-expressions/10.3.0/cucumber-expressions-10.3.0.jar:/Users/out-dzhafarov-ne/.m2/repository/io/cucumber/datatable/3.5.0/datatable-3.5.0.jar:/Users/out-dzhafarov-ne/.m2/repository/io/cucumber/cucumber-plugin/6.11.0/cucumber-plugin-6.11.0.jar:/Users/out-dzhafarov-ne/.m2/repository/io/cucumber/docstring/6.11.0/docstring-6.11.0.jar:/Users/out-dzhafarov-ne/.m2/repository/io/cucumber/html-formatter/13.0.0/html-formatter-13.0.0.jar:/Users/out-dzhafarov-ne/.m2/repository/io/cucumber/create-meta/4.0.0/create-meta-4.0.0.jar:/Users/out-dzhafarov-ne/.m2/repository/org/apiguardian/apiguardian-api/1.1.2/apiguardian-api-1.1.2.jar:/Users/out-dzhafarov-ne/.m2/repository/io/cucumber/cucumber-junit/6.11.0/cucumber-junit-6.11.0.jar:/Users/out-dzhafarov-ne/.m2/repository/junit/junit/4.13.2/junit-4.13.2.jar:/Users/out-dzhafarov-ne/.m2/repository/org/hamcrest/hamcrest-core/1.3/hamcrest-core-1.3.jar:/Users/out-dzhafarov-ne/.m2/repository/io/rest-assured/rest-assured/4.3.3/rest-assured-4.3.3.jar:/Users/out-dzhafarov-ne/.m2/repository/org/codehaus/groovy/groovy/3.0.7/groovy-3.0.7.jar:/Users/out-dzhafarov-ne/.m2/repository/org/codehaus/groovy/groovy-xml/3.0.7/groovy-xml-3.0.7.jar:/Users/out-dzhafarov-ne/.m2/repository/org/apache/httpcomponents/httpclient/4.5.3/httpclient-4.5.3.jar:/Users/out-dzhafarov-ne/.m2/repository/org/apache/httpcomponents/httpcore/4.4.6/httpcore-4.4.6.jar:/Users/out-dzhafarov-ne/.m2/repository/commons-logging/commons-logging/1.2/commons-logging-1.2.jar:/Users/out-dzhafarov-ne/.m2/repository/commons-codec/commons-codec/1.9/commons-codec-1.9.jar:/Users/out-dzhafarov-ne/.m2/repository/org/apache/httpcomponents/httpmime/4.5.3/httpmime-4.5.3.jar:/Users/out-dzhafarov-ne/.m2/repository/org/hamcrest/hamcrest/2.1/hamcrest-2.1.jar:/Users/out-dzhafarov-ne/.m2/repository/org/ccil/cowan/tagsoup/tagsoup/1.2.1/tagsoup-1.2.1.jar:/Users/out-dzhafarov-ne/.m2/repository/io/rest-assured/json-path/4.3.3/json-path-4.3.3.jar:/Users/out-dzhafarov-ne/.m2/repository/org/codehaus/groovy/groovy-json/3.0.7/groovy-json-3.0.7.jar:/Users/out-dzhafarov-ne/.m2/repository/io/rest-assured/rest-assured-common/4.3.3/rest-assured-common-4.3.3.jar:/Users/out-dzhafarov-ne/.m2/repository/io/rest-assured/xml-path/4.3.3/xml-path-4.3.3.jar:/Users/out-dzhafarov-ne/.m2/repository/org/apache/commons/commons-lang3/3.11/commons-lang3-3.11.jar:/Users/out-dzhafarov-ne/.m2/repository/jakarta/xml/bind/jakarta.xml.bind-api/2.3.3/jakarta.xml.bind-api-2.3.3.jar:/Users/out-dzhafarov-ne/.m2/repository/jakarta/activation/jakarta.activation-api/1.2.2/jakarta.activation-api-1.2.2.jar:/Users/out-dzhafarov-ne/.m2/repository/com/sun/xml/bind/jaxb-impl/2.3.3/jaxb-impl-2.3.3.jar:/Users/out-dzhafarov-ne/.m2/repository/org/hamcrest/hamcrest-all/1.3/hamcrest-all-1.3.jar:/Users/out-dzhafarov-ne/.m2/repository/org/junit/jupiter/junit-jupiter-api/5.7.2/junit-jupiter-api-5.7.2.jar:/Users/out-dzhafarov-ne/.m2/repository/org/opentest4j/opentest4j/1.2.0/opentest4j-1.2.0.jar:/Users/out-dzhafarov-ne/.m2/repository/org/junit/platform/junit-platform-commons/1.7.2/junit-platform-commons-1.7.2.jar:/Users/out-dzhafarov-ne/.m2/repository/org/junit/vintage/junit-vintage-engine/5.7.2/junit-vintage-engine-5.7.2.jar:/Users/out-dzhafarov-ne/.m2/repository/org/junit/platform/junit-platform-engine/1.7.2/junit-platform-engine-1.7.2.jar:/Users/out-dzhafarov-ne/.m2/repository/io/qameta/allure/allure-junit5/2.14.0/allure-junit5-2.14.0.jar:/Users/out-dzhafarov-ne/.m2/repository/io/qameta/allure/allure-junit-platform/2.14.0/allure-junit-platform-2.14.0.jar:/Users/out-dzhafarov-ne/.m2/repository/io/qameta/allure/allure-java-commons/2.14.0/allure-java-commons-2.14.0.jar:/Users/out-dzhafarov-ne/.m2/repository/org/slf4j/slf4j-api/1.7.30/slf4j-api-1.7.30.jar:/Users/out-dzhafarov-ne/.m2/repository/io/qameta/allure/allure-model/2.14.0/allure-model-2.14.0.jar:/Users/out-dzhafarov-ne/.m2/repository/com/fasterxml/jackson/core/jackson-databind/2.12.3/jackson-databind-2.12.3.jar:/Users/out-dzhafarov-ne/.m2/repository/com/fasterxml/jackson/core/jackson-annotations/2.12.3/jackson-annotations-2.12.3.jar:/Users/out-dzhafarov-ne/.m2/repository/org/apache/tika/tika-core/1.26/tika-core-1.26.jar:/Users/out-dzhafarov-ne/.m2/repository/javax/xml/bind/jaxb-api/2.3.1/jaxb-api-2.3.1.jar:/Users/out-dzhafarov-ne/.m2/repository/javax/activation/javax.activation-api/1.2.0/javax.activation-api-1.2.0.jar:/Users/out-dzhafarov-ne/.m2/repository/javax/activation/activation/1.1.1/activation-1.1.1.jar:/Users/out-dzhafarov-ne/.m2/repository/org/jooq/joor-java-8/0.9.14/joor-java-8-0.9.14.jar:/Users/out-dzhafarov-ne/.m2/repository/io/qameta/allure/allure-test-filter/2.14.0/allure-test-filter-2.14.0.jar:/Users/out-dzhafarov-ne/.m2/repository/org/junit/platform/junit-platform-launcher/1.7.2/junit-platform-launcher-1.7.2.jar:/Users/out-dzhafarov-ne/.m2/repository/com/fasterxml/jackson/core/jackson-core/2.13.0-rc2/jackson-core-2.13.0-rc2.jar:"/>
    <property name="sun.cpu.endian" value="little"/>
    <property name="user.home" value="/Users/out-dzhafarov-ne"/>
    <property name="user.language" value="ru"/>
    <property name="java.specification.vendor" value="Oracle Corporation"/>
    <property name="java.version.date" value="2021-04-20"/>
    <property name="java.home" value="/Library/Java/JavaVirtualMachines/adoptopenjdk-11.jdk/Contents/Home"/>
    <property name="file.separator" value="/"/>
    <property name="basedir" value="/Users/out-dzhafarov-ne/IdeaProjects/Public_api_test"/>
    <property name="java.vm.compressedOopsMode" value="Zero based"/>
    <property name="line.separator" value="&#10;"/>
    <property name="java.specification.name" value="Java Platform API Specification"/>
    <property name="java.vm.specification.vendor" value="Oracle Corporation"/>
    <property name="java.awt.graphicsenv" value="sun.awt.CGraphicsEnvironment"/>
    <property name="surefire.real.class.path" value="/Users/out-dzhafarov-ne/IdeaProjects/Public_api_test/target/surefire/surefirebooter7817438004560339022.jar"/>
    <property name="sun.management.compiler" value="HotSpot 64-Bit Tiered Compilers"/>
    <property name="java.runtime.version" value="11.0.11+9"/>
    <property name="user.name" value="out-dzhafarov-ne"/>
    <property name="path.separator" value=":"/>
    <property name="os.version" value="10.15.7"/>
    <property name="java.runtime.name" value="OpenJDK Runtime Environment"/>
    <property name="file.encoding" value="UTF-8"/>
    <property name="java.vm.name" value="OpenJDK 64-Bit Server VM"/>
    <property name="java.vendor.version" value="AdoptOpenJDK-11.0.11+9"/>
    <property name="localRepository" value="/Users/out-dzhafarov-ne/.m2/repository"/>
    <property name="java.vendor.url.bug" value="https://github.com/AdoptOpenJDK/openjdk-support/issues"/>
    <property name="java.io.tmpdir" value="/var/folders/n_/9vj3njz546zd05sdpgsppdy00000gq/T/"/>
    <property name="idea.version" value="2021.2"/>
    <property name="java.version" value="11.0.11"/>
    <property name="user.dir" value="/Users/out-dzhafarov-ne/IdeaProjects/Public_api_test"/>
    <property name="os.arch" value="x86_64"/>
    <property name="java.vm.specification.name" value="Java Virtual Machine Specification"/>
    <property name="java.awt.printerjob" value="sun.lwawt.macosx.CPrinterJob"/>
    <property name="sun.os.patch.level" value="unknown"/>
    <property name="java.library.path" value="/Users/out-dzhafarov-ne/Library/Java/Extensions:/Library/Java/Extensions:/Network/Library/Java/Extensions:/System/Library/Java/Extensions:/usr/lib/java:."/>
    <property name="junit.jupiter.extensions.autodetection.enabled" value="true"/>
    <property name="java.vm.info" value="mixed mode"/>
    <property name="java.vendor" value="AdoptOpenJDK"/>
    <property name="java.vm.version" value="11.0.11+9"/>
    <property name="sun.io.unicode.encoding" value="UnicodeBig"/>
    <property name="java.class.version" value="55.0"/>
  </properties>
  <testcase name="Успешное добавление альбома в библиотеку #1" classname="com.deezer.api.RunnerTest" time="5.058"/>
  <testcase name="Успешное добавление альбома в библиотеку #2" classname="com.deezer.api.RunnerTest" time="2.294"/>
  <testcase name="Успешное добавление альбома в библиотеку #3" classname="com.deezer.api.RunnerTest" time="2.132"/>
  <testcase name="Успешное добавление альбома в библиотеку #4" classname="com.deezer.api.RunnerTest" time="2.457"/>
  <testcase name="Успешное добавление альбома в библиотеку #5" classname="com.deezer.api.RunnerTest" time="2.012"/>
  <testcase name="Успешное добавление альбома в библиотеку #6" classname="com.deezer.api.RunnerTest" time="2.271"/>
  <testcase name="Успешное добавление альбома в библиотеку #7" classname="com.deezer.api.RunnerTest" time="2.105"/>
  <testcase name="Успешное добавление альбома в библиотеку #8" classname="com.deezer.api.RunnerTest" time="2.817"/>
  <testcase name="Успешное добавление альбома в библиотеку #9" classname="com.deezer.api.RunnerTest" time="2.046"/>
  <testcase name="Успешное добавление альбома в библиотеку #10" classname="com.deezer.api.RunnerTest" time="2.042"/>
  <testcase name="Успешное добавление плейлиста в любимые" classname="com.deezer.api.RunnerTest" time="3.392"/>
  <testcase name="Успешное добавление песни #1" classname="com.deezer.api.RunnerTest" time="3.155"/>
  <testcase name="Успешное добавление песни #2" classname="com.deezer.api.RunnerTest" time="2.993"/>
  <testcase name="Успешное добавление песни #3" classname="com.deezer.api.RunnerTest" time="3.063"/>
  <testcase name="Песня уже присутствует в плейлисте" classname="com.deezer.api.RunnerTest" time="2.155">
    <error message="Path parameters were not correctly defined. Redundant path parameters are: playlustId=9501413002. Undefined path parameters are: playlistId." type="java.lang.IllegalArgumentException">java.lang.IllegalArgumentException: Path parameters were not correctly defined. Redundant path parameters are: playlustId=9501413002. Undefined path parameters are: playlistId.
</error>
    <system-out><![CDATA[Deleting playlist 9501413002 after tests
Deleting playlist 9362570842 after tests
]]></system-out>
  </testcase>
  <testcase name="Успешное создание плейлиста с названием Create Playlist Test #1" classname="com.deezer.api.RunnerTest" time="2.785"/>
  <testcase name="Успешное создание плейлиста с названием Create Playlist Test #2" classname="com.deezer.api.RunnerTest" time="2.602"/>
  <testcase name="Успешное создание плейлиста с названием Create Playlist Test #3" classname="com.deezer.api.RunnerTest" time="2.658"/>
  <testcase name="Успешное удаление плейлиста" classname="com.deezer.api.RunnerTest" time="2.676"/>
  <testcase name="Удалить плейлист из любимых пользователя" classname="com.deezer.api.RunnerTest" time="2.086"/>
  <testcase name="Успешное удаление песни из плейлиста" classname="com.deezer.api.RunnerTest" time="3.263"/>
  <testcase name="Успешный поиск исполнителя #1" classname="com.deezer.api.RunnerTest" time="0.632"/>
  <testcase name="Успешный поиск исполнителя #2" classname="com.deezer.api.RunnerTest" time="0.557"/>
  <testcase name="Успешный поиск исполнителя #3" classname="com.deezer.api.RunnerTest" time="0.562"/>
  <testcase name="Успешный поиск исполнителя #4" classname="com.deezer.api.RunnerTest" time="0.649"/>
  <testcase name="Успешное добавление пользователя в список отслеживаемых" classname="com.deezer.api.RunnerTest" time="2.069"/>
  <testcase name="Пользователь прекращает отслеживать другого ранее отслеживаемого пользователя" classname="com.deezer.api.RunnerTest" time="2.256"/>
</testsuite>